[2023:12:11:15:39:25]: Info: Sunshine version: v0.21.0
[2023:12:11:15:39:25]: Error: Couldn't load cuda: -1
[2023:12:11:15:39:25]: Error: Environment variable WAYLAND_DISPLAY has not been defined
[2023:12:11:15:39:25]: Info: Detecting monitors
[2023:12:11:15:39:25]: Info: Detected monitor 0: DisplayPort-0, connected: false
[2023:12:11:15:39:25]: Info: Detected monitor 1: DisplayPort-1, connected: false
[2023:12:11:15:39:25]: Info: Detected monitor 2: DisplayPort-2, connected: false
[2023:12:11:15:39:25]: Info: Detected monitor 3: HDMI-A-0, connected: true
[2023:12:11:15:39:25]: Info: Detected monitor 4: HDMI-A-1-1, connected: false
[2023:12:11:15:39:25]: Info: Detected monitor 5: DisplayPort-1-3, connected: false
[2023:12:11:15:39:25]: Info: Detected monitor 6: DisplayPort-1-4, connected: true
[2023:12:11:15:39:25]: Info: Detected monitor 7: DisplayPort-1-5, connected: false
[2023:12:11:15:39:25]: Info: // Testing for available encoders, this may generate errors. You can safely ignore those errors. //
[2023:12:11:15:39:25]: Info: Trying encoder [nvenc]
[2023:12:11:15:39:25]: Info: Screencasting with KMS
[2023:12:11:15:39:25]: Info: Found monitor for DRM screencasting
[2023:12:11:15:39:25]: Info: System tray created
[2023:12:11:15:39:25]: Info: Screencasting with KMS
[2023:12:11:15:39:25]: Info: Found monitor for DRM screencasting
[2023:12:11:15:39:25]: Info: SDR color coding [Rec. 601]
[2023:12:11:15:39:25]: Info: Color depth: 8-bit
[2023:12:11:15:39:25]: Info: Color range: [JPEG]
[2023:12:11:15:39:25]: Error: [AVHWDeviceContext @ 0x55a614cf5680] Cannot load libcuda.so.1
[2023:12:11:15:39:25]: Error: [AVHWDeviceContext @ 0x55a614cf5680] Could not dynamically load CUDA
[2023:12:11:15:39:25]: Error: Failed to create a CUDA device: Operation not permitted
[2023:12:11:15:39:25]: Info: Screencasting with KMS
[2023:12:11:15:39:25]: Info: Found monitor for DRM screencasting
[2023:12:11:15:39:25]: Info: SDR color coding [Rec. 601]
[2023:12:11:15:39:25]: Info: Color depth: 8-bit
[2023:12:11:15:39:25]: Info: Color range: [JPEG]
[2023:12:11:15:39:25]: Error: [AVHWDeviceContext @ 0x55a614b26f40] Cannot load libcuda.so.1
[2023:12:11:15:39:25]: Error: [AVHWDeviceContext @ 0x55a614b26f40] Could not dynamically load CUDA
[2023:12:11:15:39:25]: Error: Failed to create a CUDA device: Operation not permitted
[2023:12:11:15:39:25]: Info: Screencasting with KMS
[2023:12:11:15:39:25]: Info: Found monitor for DRM screencasting
[2023:12:11:15:39:25]: Info: SDR color coding [Rec. 601]
[2023:12:11:15:39:25]: Info: Color depth: 8-bit
[2023:12:11:15:39:25]: Info: Color range: [JPEG]
[2023:12:11:15:39:25]: Error: [AVHWDeviceContext @ 0x55a614b22bc0] Cannot load libcuda.so.1
[2023:12:11:15:39:25]: Error: [AVHWDeviceContext @ 0x55a614b22bc0] Could not dynamically load CUDA
[2023:12:11:15:39:25]: Error: Failed to create a CUDA device: Operation not permitted
[2023:12:11:15:39:25]: Info: Screencasting with KMS
[2023:12:11:15:39:25]: Info: Found monitor for DRM screencasting
[2023:12:11:15:39:25]: Info: SDR color coding [Rec. 601]
[2023:12:11:15:39:25]: Info: Color depth: 8-bit
[2023:12:11:15:39:25]: Info: Color range: [JPEG]
[2023:12:11:15:39:25]: Error: [AVHWDeviceContext @ 0x55a614b8a200] Cannot load libcuda.so.1
[2023:12:11:15:39:25]: Error: [AVHWDeviceContext @ 0x55a614b8a200] Could not dynamically load CUDA
[2023:12:11:15:39:25]: Error: Failed to create a CUDA device: Operation not permitted
[2023:12:11:15:39:25]: Info: Encoder [nvenc] failed
[2023:12:11:15:39:25]: Info: Trying encoder [vaapi]
[2023:12:11:15:39:25]: Info: Screencasting with KMS
[2023:12:11:15:39:25]: Info: Found monitor for DRM screencasting
[2023:12:11:15:39:25]: Error: Couldn't query entrypoints: the requested VAProfile is not supported
[2023:12:11:15:39:25]: Warning: Monitor 1 doesn't support hardware encoding. Reverting back to GPU -> RAM -> GPU
[2023:12:11:15:39:25]: Info: Found monitor for DRM screencasting
[2023:12:11:15:39:25]: Info: Screencasting with KMS
[2023:12:11:15:39:25]: Info: Found monitor for DRM screencasting
[2023:12:11:15:39:25]: Error: Couldn't query entrypoints: the requested VAProfile is not supported
[2023:12:11:15:39:25]: Warning: Monitor 1 doesn't support hardware encoding. Reverting back to GPU -> RAM -> GPU
[2023:12:11:15:39:25]: Info: Found monitor for DRM screencasting
[2023:12:11:15:39:25]: Info: SDR color coding [Rec. 601]
[2023:12:11:15:39:25]: Info: Color depth: 8-bit
[2023:12:11:15:39:25]: Info: Color range: [JPEG]
[2023:12:11:15:39:25]: Error: [h264_vaapi @ 0x55a614b26c00] No usable encoding profile found.
[2023:12:11:15:39:25]: Error: Could not open codec [h264_vaapi]: Function not implemented
[2023:12:11:15:39:25]: Info: Screencasting with KMS
[2023:12:11:15:39:25]: Info: Found monitor for DRM screencasting
[2023:12:11:15:39:25]: Error: Couldn't query entrypoints: the requested VAProfile is not supported
[2023:12:11:15:39:25]: Warning: Monitor 1 doesn't support hardware encoding. Reverting back to GPU -> RAM -> GPU
[2023:12:11:15:39:25]: Info: Found monitor for DRM screencasting
[2023:12:11:15:39:25]: Info: SDR color coding [Rec. 601]
[2023:12:11:15:39:25]: Info: Color depth: 8-bit
[2023:12:11:15:39:25]: Info: Color range: [JPEG]
[2023:12:11:15:39:25]: Error: [h264_vaapi @ 0x55a614b26c00] No usable encoding profile found.
[2023:12:11:15:39:25]: Error: Could not open codec [h264_vaapi]: Function not implemented
[2023:12:11:15:39:25]: Info: Screencasting with KMS
[2023:12:11:15:39:25]: Info: Found monitor for DRM screencasting
[2023:12:11:15:39:25]: Error: Couldn't query entrypoints: the requested VAProfile is not supported
[2023:12:11:15:39:25]: Warning: Monitor 1 doesn't support hardware encoding. Reverting back to GPU -> RAM -> GPU
[2023:12:11:15:39:25]: Info: Found monitor for DRM screencasting
[2023:12:11:15:39:25]: Info: SDR color coding [Rec. 601]
[2023:12:11:15:39:25]: Info: Color depth: 8-bit
[2023:12:11:15:39:25]: Info: Color range: [JPEG]
[2023:12:11:15:39:25]: Error: [h264_vaapi @ 0x55a614b26c00] No usable encoding profile found.
[2023:12:11:15:39:25]: Error: Could not open codec [h264_vaapi]: Function not implemented
[2023:12:11:15:39:25]: Info: Screencasting with KMS
[2023:12:11:15:39:25]: Info: Found monitor for DRM screencasting
[2023:12:11:15:39:25]: Error: Couldn't query entrypoints: the requested VAProfile is not supported
[2023:12:11:15:39:25]: Warning: Monitor 1 doesn't support hardware encoding. Reverting back to GPU -> RAM -> GPU
[2023:12:11:15:39:25]: Info: Found monitor for DRM screencasting
[2023:12:11:15:39:25]: Info: SDR color coding [Rec. 601]
[2023:12:11:15:39:25]: Info: Color depth: 8-bit
[2023:12:11:15:39:25]: Info: Color range: [JPEG]
[2023:12:11:15:39:25]: Error: [h264_vaapi @ 0x55a614bc0d80] No usable encoding profile found.
[2023:12:11:15:39:25]: Error: Could not open codec [h264_vaapi]: Function not implemented
[2023:12:11:15:39:25]: Info: Encoder [vaapi] failed
[2023:12:11:15:39:25]: Info: Trying encoder [software]
[2023:12:11:15:39:25]: Info: Screencasting with KMS
[2023:12:11:15:39:25]: Info: Found monitor for DRM screencasting
[2023:12:11:15:39:25]: Info: Screencasting with KMS
[2023:12:11:15:39:25]: Info: Found monitor for DRM screencasting
[2023:12:11:15:39:25]: Info: SDR color coding [Rec. 601]
[2023:12:11:15:39:25]: Info: Color depth: 8-bit
[2023:12:11:15:39:25]: Info: Color range: [JPEG]
[2023:12:11:15:39:25]: Info: [libx264 @ 0x55a614b26c00] using cpu capabilities: MMX2 SSE2Fast SSSE3 SSE4.2 AVX FMA3 BMI2 AVX2 AVX512
[2023:12:11:15:39:25]: Info: [libx264 @ 0x55a614b26c00] profile High, level 4.2, 4:2:0, 8-bit
[2023:12:11:15:39:25]: Info: [libx264 @ 0x55a614b26c00] frame I:1     Avg QP:11.39  size:  1261
[2023:12:11:15:39:25]: Info: [libx264 @ 0x55a614b26c00] mb I  I16..4: 99.9%  0.1%  0.0%
[2023:12:11:15:39:25]: Info: [libx264 @ 0x55a614b26c00] 8x8 transform intra:0.1%
[2023:12:11:15:39:25]: Info: [libx264 @ 0x55a614b26c00] coded y,uvDC,uvAC intra: 0.2% 0.1% 0.0%
[2023:12:11:15:39:25]: Info: [libx264 @ 0x55a614b26c00] i16 v,h,dc,p: 97%  2%  1%  0%
[2023:12:11:15:39:25]: Info: [libx264 @ 0x55a614b26c00] i8 v,h,dc,ddl,ddr,vr,hd,vl,hu:  7%  7% 68% 11%  0%  0%  0%  0%  7%
[2023:12:11:15:39:25]: Info: [libx264 @ 0x55a614b26c00] i8c dc,h,v,p: 100%  0%  0%  0%
[2023:12:11:15:39:25]: Info: [libx264 @ 0x55a614b26c00] kb/s:605.28
[2023:12:11:15:39:25]: Info: 
[2023:12:11:15:39:25]: Info: // Ignore any errors mentioned above, they are not relevant. //
[2023:12:11:15:39:25]: Info: 
[2023:12:11:15:39:25]: Info: Found H.264 encoder: libx264 [software]
[2023:12:11:15:39:25]: Info: Adding avahi service Sunshine
[2023:12:11:15:39:25]: Info: Configuration UI available at [https://localhost:47990]
[2023:12:11:15:39:26]: Info: Avahi service Sunshine successfully established.
[2023:12:11:15:42:51]: Info: // Testing for available encoders, this may generate errors. You can safely ignore those errors. //
[2023:12:11:15:42:51]: Info: Trying encoder [nvenc]
[2023:12:11:15:42:51]: Info: Screencasting with KMS
[2023:12:11:15:42:51]: Info: Found monitor for DRM screencasting
[2023:12:11:15:42:51]: Info: Screencasting with KMS
[2023:12:11:15:42:51]: Info: Found monitor for DRM screencasting
[2023:12:11:15:42:51]: Info: SDR color coding [Rec. 601]
[2023:12:11:15:42:51]: Info: Color depth: 8-bit
[2023:12:11:15:42:51]: Info: Color range: [JPEG]
[2023:12:11:15:42:51]: Error: [AVHWDeviceContext @ 0x7f4ba0219500] Cannot load libcuda.so.1
[2023:12:11:15:42:51]: Error: [AVHWDeviceContext @ 0x7f4ba0219500] Could not dynamically load CUDA
[2023:12:11:15:42:51]: Error: Failed to create a CUDA device: Operation not permitted
[2023:12:11:15:42:51]: Info: Screencasting with KMS
[2023:12:11:15:42:51]: Info: Found monitor for DRM screencasting
[2023:12:11:15:42:51]: Info: SDR color coding [Rec. 601]
[2023:12:11:15:42:51]: Info: Color depth: 8-bit
[2023:12:11:15:42:51]: Info: Color range: [JPEG]
[2023:12:11:15:42:51]: Error: [AVHWDeviceContext @ 0x7f4ba014ac80] Cannot load libcuda.so.1
[2023:12:11:15:42:51]: Error: [AVHWDeviceContext @ 0x7f4ba014ac80] Could not dynamically load CUDA
[2023:12:11:15:42:51]: Error: Failed to create a CUDA device: Operation not permitted
[2023:12:11:15:42:51]: Info: Encoder [nvenc] failed
[2023:12:11:15:42:51]: Info: Trying encoder [vaapi]
[2023:12:11:15:42:51]: Info: Screencasting with KMS
[2023:12:11:15:42:51]: Info: Found monitor for DRM screencasting
[2023:12:11:15:42:51]: Error: Couldn't query entrypoints: the requested VAProfile is not supported
[2023:12:11:15:42:51]: Warning: Monitor 1 doesn't support hardware encoding. Reverting back to GPU -> RAM -> GPU
[2023:12:11:15:42:51]: Info: Found monitor for DRM screencasting
[2023:12:11:15:42:51]: Info: Screencasting with KMS
[2023:12:11:15:42:51]: Info: Found monitor for DRM screencasting
[2023:12:11:15:42:51]: Error: Couldn't query entrypoints: the requested VAProfile is not supported
[2023:12:11:15:42:51]: Warning: Monitor 1 doesn't support hardware encoding. Reverting back to GPU -> RAM -> GPU
[2023:12:11:15:42:51]: Info: Found monitor for DRM screencasting
[2023:12:11:15:42:51]: Info: SDR color coding [Rec. 601]
[2023:12:11:15:42:51]: Info: Color depth: 8-bit
[2023:12:11:15:42:51]: Info: Color range: [JPEG]
[2023:12:11:15:42:51]: Error: [h264_vaapi @ 0x7f4ba019ee40] No usable encoding profile found.
[2023:12:11:15:42:51]: Error: Could not open codec [h264_vaapi]: Function not implemented
[2023:12:11:15:42:51]: Info: Screencasting with KMS
[2023:12:11:15:42:51]: Info: Found monitor for DRM screencasting
[2023:12:11:15:42:51]: Error: Couldn't query entrypoints: the requested VAProfile is not supported
[2023:12:11:15:42:51]: Warning: Monitor 1 doesn't support hardware encoding. Reverting back to GPU -> RAM -> GPU
[2023:12:11:15:42:51]: Info: Found monitor for DRM screencasting
[2023:12:11:15:42:51]: Info: SDR color coding [Rec. 601]
[2023:12:11:15:42:51]: Info: Color depth: 8-bit
[2023:12:11:15:42:51]: Info: Color range: [JPEG]
[2023:12:11:15:42:51]: Error: [h264_vaapi @ 0x7f4b94067e00] No usable encoding profile found.
[2023:12:11:15:42:51]: Error: Could not open codec [h264_vaapi]: Function not implemented
[2023:12:11:15:42:51]: Info: Encoder [vaapi] failed
[2023:12:11:15:42:51]: Info: Trying encoder [software]
[2023:12:11:15:42:51]: Info: Screencasting with KMS
[2023:12:11:15:42:51]: Info: Found monitor for DRM screencasting
[2023:12:11:15:42:51]: Info: Screencasting with KMS
[2023:12:11:15:42:51]: Info: Found monitor for DRM screencasting
[2023:12:11:15:42:51]: Info: SDR color coding [Rec. 601]
[2023:12:11:15:42:51]: Info: Color depth: 8-bit
[2023:12:11:15:42:51]: Info: Color range: [JPEG]
[2023:12:11:15:42:51]: Info: [libx264 @ 0x7f4ba019ee40] using cpu capabilities: MMX2 SSE2Fast SSSE3 SSE4.2 AVX FMA3 BMI2 AVX2 AVX512
[2023:12:11:15:42:51]: Info: [libx264 @ 0x7f4ba019ee40] profile High, level 4.2, 4:2:0, 8-bit
[2023:12:11:15:42:51]: Info: [libx264 @ 0x7f4ba019ee40] frame I:1     Avg QP: 6.01  size:  1174
[2023:12:11:15:42:51]: Info: [libx264 @ 0x7f4ba019ee40] mb I  I16..4: 100.0%  0.0%  0.0%
[2023:12:11:15:42:51]: Info: [libx264 @ 0x7f4ba019ee40] 8x8 transform intra:0.0%
[2023:12:11:15:42:51]: Info: [libx264 @ 0x7f4ba019ee40] coded y,uvDC,uvAC intra: 0.0% 0.0% 0.0%
[2023:12:11:15:42:51]: Info: [libx264 @ 0x7f4ba019ee40] i16 v,h,dc,p: 99%  0%  1%  0%
[2023:12:11:15:42:51]: Info: [libx264 @ 0x7f4ba019ee40] i4 v,h,dc,ddl,ddr,vr,hd,vl,hu:  0%  0% 100%  0%  0%  0%  0%  0%  0%
[2023:12:11:15:42:51]: Info: [libx264 @ 0x7f4ba019ee40] i8c dc,h,v,p: 100%  0%  0%  0%
[2023:12:11:15:42:51]: Info: [libx264 @ 0x7f4ba019ee40] kb/s:563.52
[2023:12:11:15:42:51]: Info: 
[2023:12:11:15:42:51]: Info: // Ignore any errors mentioned above, they are not relevant. //
[2023:12:11:15:42:51]: Info: 
[2023:12:11:15:42:51]: Info: Found H.264 encoder: libx264 [software]
[2023:12:11:15:42:51]: Info: Spawning [setsid steam steam://open/bigpicture] in ["/usr/bin"]
[2023:12:11:15:42:51]: Info: Executing [Desktop]
[2023:12:11:15:42:52]: Info: CLIENT CONNECTED
[2023:12:11:15:42:52]: Info: Screencasting with KMS
[2023:12:11:15:42:52]: Info: Found monitor for DRM screencasting
[2023:12:11:15:42:52]: Info: SDR color coding [Rec. 709]
[2023:12:11:15:42:52]: Info: Color depth: 8-bit
[2023:12:11:15:42:52]: Info: Color range: [MPEG]
[2023:12:11:15:42:52]: Info: [libx264 @ 0x7f4b98007540] using cpu capabilities: MMX2 SSE2Fast SSSE3 SSE4.2 AVX FMA3 BMI2 AVX2 AVX512
[2023:12:11:15:42:52]: Info: [libx264 @ 0x7f4b98007540] profile High, level 3.2, 4:2:0, 8-bit
[2023:12:11:15:42:52]: Info: Setting default sink to: [sink-sunshine-stereo]
[2023:12:11:15:42:52]: Info: Found default monitor by name: sink-sunshine-stereo.monitor
[2023:12:11:15:56:38]: Info: CLIENT DISCONNECTED
[2023:12:11:15:56:38]: Info: Setting default sink to: [alsa_output.usb-Focusrite_Scarlett_Solo_USB_Y7JURJK9819E57-00.pro-output-0]
[2023:12:11:15:56:38]: Info: [libx264 @ 0x7f4b98007540] frame I:4     Avg QP:19.00  size:  7426
[2023:12:11:15:56:38]: Info: [libx264 @ 0x7f4b98007540] frame P:49509 Avg QP:12.99  size: 10496
[2023:12:11:15:56:38]: Info: [libx264 @ 0x7f4b98007540] mb I  I16..4: 81.5% 17.4%  1.1%
[2023:12:11:15:56:38]: Info: [libx264 @ 0x7f4b98007540] mb P  I16..4:  1.3%  1.2%  0.2%  P16..4: 35.5%  0.0%  0.0%  0.0%  0.0%    skip:61.9%
[2023:12:11:15:56:38]: Info: [libx264 @ 0x7f4b98007540] 8x8 transform intra:45.9% inter:37.6%
[2023:12:11:15:56:38]: Info: [libx264 @ 0x7f4b98007540] coded y,uvDC,uvAC intra: 41.3% 43.3% 27.8% inter: 14.9% 8.0% 2.7%
[2023:12:11:15:56:38]: Info: [libx264 @ 0x7f4b98007540] i16 v,h,dc,p: 52% 31%  9%  8%
[2023:12:11:15:56:38]: Info: [libx264 @ 0x7f4b98007540] i8 v,h,dc,ddl,ddr,vr,hd,vl,hu: 16% 23% 24%  5%  6%  5%  8%  5%  8%
[2023:12:11:15:56:38]: Info: [libx264 @ 0x7f4b98007540] i4 v,h,dc,ddl,ddr,vr,hd,vl,hu: 24% 28% 15%  6%  5%  5%  6%  5%  6%
[2023:12:11:15:56:38]: Info: [libx264 @ 0x7f4b98007540] i8c dc,h,v,p: 49% 28% 17%  7%
[2023:12:11:15:56:38]: Info: [libx264 @ 0x7f4b98007540] Weighted P-Frames: Y:1.5% UV:0.7%
[2023:12:11:15:56:38]: Info: [libx264 @ 0x7f4b98007540] kb/s:5037.93
[2023:12:11:16:14:39]: Info: Quitting from system tray
[2023:12:11:16:14:39]: Info: Interrupt handler called
